<?xml version="1.0" encoding="UTF-8"?>
<testsuite xmlns:xsi="http://www.w3.org/2001/XMLSchema-instance" xsi:noNamespaceSchemaLocation="https://maven.apache.org/surefire/maven-surefire-plugin/xsd/surefire-test-report-3.0.xsd" version="3.0" name="TestSuite" time="282.952" tests="4" errors="0" skipped="0" failures="2">
  <properties>
    <property name="sun.desktop" value="windows"/>
    <property name="awt.toolkit" value="sun.awt.windows.WToolkit"/>
    <property name="file.encoding.pkg" value="sun.io"/>
    <property name="java.specification.version" value="1.8"/>
    <property name="sun.cpu.isalist" value="amd64"/>
    <property name="sun.jnu.encoding" value="Cp1252"/>
    <property name="java.class.path" value="C:\Users\Lenovo\eclipse-workspace\GeneralStoreMobile\target\test-classes;C:\Users\Lenovo\eclipse-workspace\GeneralStoreMobile\target\classes;C:\Users\Lenovo\.m2\repository\io\appium\java-client\7.6.0\java-client-7.6.0.jar;C:\Users\Lenovo\.m2\repository\org\seleniumhq\selenium\selenium-java\3.141.59\selenium-java-3.141.59.jar;C:\Users\Lenovo\.m2\repository\org\seleniumhq\selenium\selenium-chrome-driver\3.141.59\selenium-chrome-driver-3.141.59.jar;C:\Users\Lenovo\.m2\repository\org\seleniumhq\selenium\selenium-edge-driver\3.141.59\selenium-edge-driver-3.141.59.jar;C:\Users\Lenovo\.m2\repository\org\seleniumhq\selenium\selenium-firefox-driver\3.141.59\selenium-firefox-driver-3.141.59.jar;C:\Users\Lenovo\.m2\repository\org\seleniumhq\selenium\selenium-ie-driver\3.141.59\selenium-ie-driver-3.141.59.jar;C:\Users\Lenovo\.m2\repository\org\seleniumhq\selenium\selenium-opera-driver\3.141.59\selenium-opera-driver-3.141.59.jar;C:\Users\Lenovo\.m2\repository\org\seleniumhq\selenium\selenium-remote-driver\3.141.59\selenium-remote-driver-3.141.59.jar;C:\Users\Lenovo\.m2\repository\org\seleniumhq\selenium\selenium-safari-driver\3.141.59\selenium-safari-driver-3.141.59.jar;C:\Users\Lenovo\.m2\repository\net\bytebuddy\byte-buddy\1.8.15\byte-buddy-1.8.15.jar;C:\Users\Lenovo\.m2\repository\org\apache\commons\commons-exec\1.3\commons-exec-1.3.jar;C:\Users\Lenovo\.m2\repository\com\google\guava\guava\25.0-jre\guava-25.0-jre.jar;C:\Users\Lenovo\.m2\repository\com\google\code\findbugs\jsr305\1.3.9\jsr305-1.3.9.jar;C:\Users\Lenovo\.m2\repository\org\checkerframework\checker-compat-qual\2.0.0\checker-compat-qual-2.0.0.jar;C:\Users\Lenovo\.m2\repository\com\google\errorprone\error_prone_annotations\2.1.3\error_prone_annotations-2.1.3.jar;C:\Users\Lenovo\.m2\repository\com\google\j2objc\j2objc-annotations\1.1\j2objc-annotations-1.1.jar;C:\Users\Lenovo\.m2\repository\org\codehaus\mojo\animal-sniffer-annotations\1.14\animal-sniffer-annotations-1.14.jar;C:\Users\Lenovo\.m2\repository\com\squareup\okhttp3\okhttp\3.11.0\okhttp-3.11.0.jar;C:\Users\Lenovo\.m2\repository\com\squareup\okio\okio\1.14.0\okio-1.14.0.jar;C:\Users\Lenovo\.m2\repository\org\seleniumhq\selenium\selenium-support\3.141.59\selenium-support-3.141.59.jar;C:\Users\Lenovo\.m2\repository\org\seleniumhq\selenium\selenium-api\3.141.59\selenium-api-3.141.59.jar;C:\Users\Lenovo\.m2\repository\com\google\code\gson\gson\2.8.8\gson-2.8.8.jar;C:\Users\Lenovo\.m2\repository\org\apache\httpcomponents\httpclient\4.5.13\httpclient-4.5.13.jar;C:\Users\Lenovo\.m2\repository\org\apache\httpcomponents\httpcore\4.4.13\httpcore-4.4.13.jar;C:\Users\Lenovo\.m2\repository\commons-logging\commons-logging\1.2\commons-logging-1.2.jar;C:\Users\Lenovo\.m2\repository\cglib\cglib\3.3.0\cglib-3.3.0.jar;C:\Users\Lenovo\.m2\repository\org\ow2\asm\asm\7.1\asm-7.1.jar;C:\Users\Lenovo\.m2\repository\commons-validator\commons-validator\1.7\commons-validator-1.7.jar;C:\Users\Lenovo\.m2\repository\commons-beanutils\commons-beanutils\1.9.4\commons-beanutils-1.9.4.jar;C:\Users\Lenovo\.m2\repository\commons-digester\commons-digester\2.1\commons-digester-2.1.jar;C:\Users\Lenovo\.m2\repository\commons-collections\commons-collections\3.2.2\commons-collections-3.2.2.jar;C:\Users\Lenovo\.m2\repository\org\apache\commons\commons-lang3\3.12.0\commons-lang3-3.12.0.jar;C:\Users\Lenovo\.m2\repository\org\springframework\spring-context\5.3.10\spring-context-5.3.10.jar;C:\Users\Lenovo\.m2\repository\org\springframework\spring-aop\5.3.10\spring-aop-5.3.10.jar;C:\Users\Lenovo\.m2\repository\org\springframework\spring-beans\5.3.10\spring-beans-5.3.10.jar;C:\Users\Lenovo\.m2\repository\org\springframework\spring-core\5.3.10\spring-core-5.3.10.jar;C:\Users\Lenovo\.m2\repository\org\springframework\spring-jcl\5.3.10\spring-jcl-5.3.10.jar;C:\Users\Lenovo\.m2\repository\org\springframework\spring-expression\5.3.10\spring-expression-5.3.10.jar;C:\Users\Lenovo\.m2\repository\org\aspectj\aspectjweaver\1.9.7\aspectjweaver-1.9.7.jar;C:\Users\Lenovo\.m2\repository\org\slf4j\slf4j-api\1.7.32\slf4j-api-1.7.32.jar;C:\Users\Lenovo\.m2\repository\org\testng\testng\7.4.0\testng-7.4.0.jar;C:\Users\Lenovo\.m2\repository\com\beust\jcommander\1.78\jcommander-1.78.jar;C:\Users\Lenovo\.m2\repository\org\webjars\jquery\3.5.1\jquery-3.5.1.jar;C:\Users\Lenovo\.m2\repository\org\json\json\20210307\json-20210307.jar;C:\Users\Lenovo\.m2\repository\org\apache\logging\log4j\log4j-core\2.17.1\log4j-core-2.17.1.jar;C:\Users\Lenovo\.m2\repository\org\apache\logging\log4j\log4j-api\2.17.1\log4j-api-2.17.1.jar;C:\Users\Lenovo\.m2\repository\com\aventstack\extentreports\5.0.9\extentreports-5.0.9.jar;C:\Users\Lenovo\.m2\repository\io\reactivex\rxjava3\rxjava\3.0.4\rxjava-3.0.4.jar;C:\Users\Lenovo\.m2\repository\org\reactivestreams\reactive-streams\1.0.3\reactive-streams-1.0.3.jar;C:\Users\Lenovo\.m2\repository\org\freemarker\freemarker\2.3.30\freemarker-2.3.30.jar;C:\Users\Lenovo\.m2\repository\org\projectlombok\lombok\1.18.12\lombok-1.18.12.jar;C:\Users\Lenovo\.m2\repository\commons-codec\commons-codec\1.15\commons-codec-1.15.jar;C:\Users\Lenovo\.m2\repository\commons-io\commons-io\2.11.0\commons-io-2.11.0.jar;C:\Users\Lenovo\.m2\repository\org\apache\poi\poi\5.2.3\poi-5.2.3.jar;C:\Users\Lenovo\.m2\repository\org\apache\commons\commons-collections4\4.4\commons-collections4-4.4.jar;C:\Users\Lenovo\.m2\repository\org\apache\commons\commons-math3\3.6.1\commons-math3-3.6.1.jar;C:\Users\Lenovo\.m2\repository\com\zaxxer\SparseBitSet\1.2\SparseBitSet-1.2.jar;C:\Users\Lenovo\.m2\repository\org\apache\poi\poi-ooxml\5.2.3\poi-ooxml-5.2.3.jar;C:\Users\Lenovo\.m2\repository\org\apache\poi\poi-ooxml-lite\5.2.3\poi-ooxml-lite-5.2.3.jar;C:\Users\Lenovo\.m2\repository\org\apache\xmlbeans\xmlbeans\5.1.1\xmlbeans-5.1.1.jar;C:\Users\Lenovo\.m2\repository\xml-apis\xml-apis\1.4.01\xml-apis-1.4.01.jar;C:\Users\Lenovo\.m2\repository\org\apache\commons\commons-compress\1.21\commons-compress-1.21.jar;C:\Users\Lenovo\.m2\repository\com\github\virtuald\curvesapi\1.07\curvesapi-1.07.jar;"/>
    <property name="java.vm.vendor" value="Oracle Corporation"/>
    <property name="sun.arch.data.model" value="64"/>
    <property name="user.variant" value=""/>
    <property name="java.vendor.url" value="http://java.oracle.com/"/>
    <property name="user.timezone" value="Asia/Calcutta"/>
    <property name="java.vm.specification.version" value="1.8"/>
    <property name="os.name" value="Windows 10"/>
    <property name="user.country" value="IN"/>
    <property name="sun.java.launcher" value="SUN_STANDARD"/>
    <property name="sun.boot.library.path" value="C:\Program Files\Java\jdk1.8.0_351\jre\bin"/>
    <property name="sun.java.command" value="C:\Users\Lenovo\AppData\Local\Temp\surefire724235625630343041\surefirebooter661932161803302211.jar C:\Users\Lenovo\AppData\Local\Temp\surefire724235625630343041 2023-05-29T00-47-32_200-jvmRun1 surefire2448176866978780454tmp surefire_06592247314086129189tmp"/>
    <property name="surefire.test.class.path" value="C:\Users\Lenovo\eclipse-workspace\GeneralStoreMobile\target\test-classes;C:\Users\Lenovo\eclipse-workspace\GeneralStoreMobile\target\classes;C:\Users\Lenovo\.m2\repository\io\appium\java-client\7.6.0\java-client-7.6.0.jar;C:\Users\Lenovo\.m2\repository\org\seleniumhq\selenium\selenium-java\3.141.59\selenium-java-3.141.59.jar;C:\Users\Lenovo\.m2\repository\org\seleniumhq\selenium\selenium-chrome-driver\3.141.59\selenium-chrome-driver-3.141.59.jar;C:\Users\Lenovo\.m2\repository\org\seleniumhq\selenium\selenium-edge-driver\3.141.59\selenium-edge-driver-3.141.59.jar;C:\Users\Lenovo\.m2\repository\org\seleniumhq\selenium\selenium-firefox-driver\3.141.59\selenium-firefox-driver-3.141.59.jar;C:\Users\Lenovo\.m2\repository\org\seleniumhq\selenium\selenium-ie-driver\3.141.59\selenium-ie-driver-3.141.59.jar;C:\Users\Lenovo\.m2\repository\org\seleniumhq\selenium\selenium-opera-driver\3.141.59\selenium-opera-driver-3.141.59.jar;C:\Users\Lenovo\.m2\repository\org\seleniumhq\selenium\selenium-remote-driver\3.141.59\selenium-remote-driver-3.141.59.jar;C:\Users\Lenovo\.m2\repository\org\seleniumhq\selenium\selenium-safari-driver\3.141.59\selenium-safari-driver-3.141.59.jar;C:\Users\Lenovo\.m2\repository\net\bytebuddy\byte-buddy\1.8.15\byte-buddy-1.8.15.jar;C:\Users\Lenovo\.m2\repository\org\apache\commons\commons-exec\1.3\commons-exec-1.3.jar;C:\Users\Lenovo\.m2\repository\com\google\guava\guava\25.0-jre\guava-25.0-jre.jar;C:\Users\Lenovo\.m2\repository\com\google\code\findbugs\jsr305\1.3.9\jsr305-1.3.9.jar;C:\Users\Lenovo\.m2\repository\org\checkerframework\checker-compat-qual\2.0.0\checker-compat-qual-2.0.0.jar;C:\Users\Lenovo\.m2\repository\com\google\errorprone\error_prone_annotations\2.1.3\error_prone_annotations-2.1.3.jar;C:\Users\Lenovo\.m2\repository\com\google\j2objc\j2objc-annotations\1.1\j2objc-annotations-1.1.jar;C:\Users\Lenovo\.m2\repository\org\codehaus\mojo\animal-sniffer-annotations\1.14\animal-sniffer-annotations-1.14.jar;C:\Users\Lenovo\.m2\repository\com\squareup\okhttp3\okhttp\3.11.0\okhttp-3.11.0.jar;C:\Users\Lenovo\.m2\repository\com\squareup\okio\okio\1.14.0\okio-1.14.0.jar;C:\Users\Lenovo\.m2\repository\org\seleniumhq\selenium\selenium-support\3.141.59\selenium-support-3.141.59.jar;C:\Users\Lenovo\.m2\repository\org\seleniumhq\selenium\selenium-api\3.141.59\selenium-api-3.141.59.jar;C:\Users\Lenovo\.m2\repository\com\google\code\gson\gson\2.8.8\gson-2.8.8.jar;C:\Users\Lenovo\.m2\repository\org\apache\httpcomponents\httpclient\4.5.13\httpclient-4.5.13.jar;C:\Users\Lenovo\.m2\repository\org\apache\httpcomponents\httpcore\4.4.13\httpcore-4.4.13.jar;C:\Users\Lenovo\.m2\repository\commons-logging\commons-logging\1.2\commons-logging-1.2.jar;C:\Users\Lenovo\.m2\repository\cglib\cglib\3.3.0\cglib-3.3.0.jar;C:\Users\Lenovo\.m2\repository\org\ow2\asm\asm\7.1\asm-7.1.jar;C:\Users\Lenovo\.m2\repository\commons-validator\commons-validator\1.7\commons-validator-1.7.jar;C:\Users\Lenovo\.m2\repository\commons-beanutils\commons-beanutils\1.9.4\commons-beanutils-1.9.4.jar;C:\Users\Lenovo\.m2\repository\commons-digester\commons-digester\2.1\commons-digester-2.1.jar;C:\Users\Lenovo\.m2\repository\commons-collections\commons-collections\3.2.2\commons-collections-3.2.2.jar;C:\Users\Lenovo\.m2\repository\org\apache\commons\commons-lang3\3.12.0\commons-lang3-3.12.0.jar;C:\Users\Lenovo\.m2\repository\org\springframework\spring-context\5.3.10\spring-context-5.3.10.jar;C:\Users\Lenovo\.m2\repository\org\springframework\spring-aop\5.3.10\spring-aop-5.3.10.jar;C:\Users\Lenovo\.m2\repository\org\springframework\spring-beans\5.3.10\spring-beans-5.3.10.jar;C:\Users\Lenovo\.m2\repository\org\springframework\spring-core\5.3.10\spring-core-5.3.10.jar;C:\Users\Lenovo\.m2\repository\org\springframework\spring-jcl\5.3.10\spring-jcl-5.3.10.jar;C:\Users\Lenovo\.m2\repository\org\springframework\spring-expression\5.3.10\spring-expression-5.3.10.jar;C:\Users\Lenovo\.m2\repository\org\aspectj\aspectjweaver\1.9.7\aspectjweaver-1.9.7.jar;C:\Users\Lenovo\.m2\repository\org\slf4j\slf4j-api\1.7.32\slf4j-api-1.7.32.jar;C:\Users\Lenovo\.m2\repository\org\testng\testng\7.4.0\testng-7.4.0.jar;C:\Users\Lenovo\.m2\repository\com\beust\jcommander\1.78\jcommander-1.78.jar;C:\Users\Lenovo\.m2\repository\org\webjars\jquery\3.5.1\jquery-3.5.1.jar;C:\Users\Lenovo\.m2\repository\org\json\json\20210307\json-20210307.jar;C:\Users\Lenovo\.m2\repository\org\apache\logging\log4j\log4j-core\2.17.1\log4j-core-2.17.1.jar;C:\Users\Lenovo\.m2\repository\org\apache\logging\log4j\log4j-api\2.17.1\log4j-api-2.17.1.jar;C:\Users\Lenovo\.m2\repository\com\aventstack\extentreports\5.0.9\extentreports-5.0.9.jar;C:\Users\Lenovo\.m2\repository\io\reactivex\rxjava3\rxjava\3.0.4\rxjava-3.0.4.jar;C:\Users\Lenovo\.m2\repository\org\reactivestreams\reactive-streams\1.0.3\reactive-streams-1.0.3.jar;C:\Users\Lenovo\.m2\repository\org\freemarker\freemarker\2.3.30\freemarker-2.3.30.jar;C:\Users\Lenovo\.m2\repository\org\projectlombok\lombok\1.18.12\lombok-1.18.12.jar;C:\Users\Lenovo\.m2\repository\commons-codec\commons-codec\1.15\commons-codec-1.15.jar;C:\Users\Lenovo\.m2\repository\commons-io\commons-io\2.11.0\commons-io-2.11.0.jar;C:\Users\Lenovo\.m2\repository\org\apache\poi\poi\5.2.3\poi-5.2.3.jar;C:\Users\Lenovo\.m2\repository\org\apache\commons\commons-collections4\4.4\commons-collections4-4.4.jar;C:\Users\Lenovo\.m2\repository\org\apache\commons\commons-math3\3.6.1\commons-math3-3.6.1.jar;C:\Users\Lenovo\.m2\repository\com\zaxxer\SparseBitSet\1.2\SparseBitSet-1.2.jar;C:\Users\Lenovo\.m2\repository\org\apache\poi\poi-ooxml\5.2.3\poi-ooxml-5.2.3.jar;C:\Users\Lenovo\.m2\repository\org\apache\poi\poi-ooxml-lite\5.2.3\poi-ooxml-lite-5.2.3.jar;C:\Users\Lenovo\.m2\repository\org\apache\xmlbeans\xmlbeans\5.1.1\xmlbeans-5.1.1.jar;C:\Users\Lenovo\.m2\repository\xml-apis\xml-apis\1.4.01\xml-apis-1.4.01.jar;C:\Users\Lenovo\.m2\repository\org\apache\commons\commons-compress\1.21\commons-compress-1.21.jar;C:\Users\Lenovo\.m2\repository\com\github\virtuald\curvesapi\1.07\curvesapi-1.07.jar;"/>
    <property name="sun.cpu.endian" value="little"/>
    <property name="user.home" value="C:\Users\Lenovo"/>
    <property name="user.language" value="en"/>
    <property name="java.specification.vendor" value="Oracle Corporation"/>
    <property name="java.home" value="C:\Program Files\Java\jdk1.8.0_351\jre"/>
    <property name="basedir" value="C:\Users\Lenovo\eclipse-workspace\GeneralStoreMobile"/>
    <property name="file.separator" value="\"/>
    <property name="line.separator" value="&#10;"/>
    <property name="java.vm.specification.vendor" value="Oracle Corporation"/>
    <property name="java.specification.name" value="Java Platform API Specification"/>
    <property name="java.awt.graphicsenv" value="sun.awt.Win32GraphicsEnvironment"/>
    <property name="surefire.real.class.path" value="C:\Users\Lenovo\AppData\Local\Temp\surefire724235625630343041\surefirebooter661932161803302211.jar"/>
    <property name="sun.boot.class.path" value="C:\Program Files\Java\jdk1.8.0_351\jre\lib\resources.jar;C:\Program Files\Java\jdk1.8.0_351\jre\lib\rt.jar;C:\Program Files\Java\jdk1.8.0_351\jre\lib\jsse.jar;C:\Program Files\Java\jdk1.8.0_351\jre\lib\jce.jar;C:\Program Files\Java\jdk1.8.0_351\jre\lib\charsets.jar;C:\Program Files\Java\jdk1.8.0_351\jre\lib\jfr.jar;C:\Program Files\Java\jdk1.8.0_351\jre\classes"/>
    <property name="user.script" value=""/>
    <property name="sun.management.compiler" value="HotSpot 64-Bit Tiered Compilers"/>
    <property name="java.runtime.version" value="1.8.0_351-b10"/>
    <property name="user.name" value="Lenovo"/>
    <property name="path.separator" value=";"/>
    <property name="os.version" value="10.0"/>
    <property name="java.endorsed.dirs" value="C:\Program Files\Java\jdk1.8.0_351\jre\lib\endorsed"/>
    <property name="java.runtime.name" value="Java(TM) SE Runtime Environment"/>
    <property name="file.encoding" value="Cp1252"/>
    <property name="java.vm.name" value="Java HotSpot(TM) 64-Bit Server VM"/>
    <property name="localRepository" value="C:\Users\Lenovo\.m2\repository"/>
    <property name="java.vendor.url.bug" value="http://bugreport.sun.com/bugreport/"/>
    <property name="java.io.tmpdir" value="C:\Users\Lenovo\AppData\Local\Temp\"/>
    <property name="java.version" value="1.8.0_351"/>
    <property name="user.dir" value="C:\Users\Lenovo\eclipse-workspace\GeneralStoreMobile"/>
    <property name="os.arch" value="amd64"/>
    <property name="java.vm.specification.name" value="Java Virtual Machine Specification"/>
    <property name="java.awt.printerjob" value="sun.awt.windows.WPrinterJob"/>
    <property name="sun.os.patch.level" value=""/>
    <property name="java.library.path" value="C:\Program Files\Java\jdk1.8.0_351\jre\bin;C:\Windows\Sun\Java\bin;C:\Windows\system32;C:\Windows;C:\Program Files (x86)\Common Files\Oracle\Java\javapath;C:\Windows\system32;C:\Windows;C:\Windows\System32\Wbem;C:\Windows\System32\WindowsPowerShell\v1.0\;C:\Windows\System32\OpenSSH\;C:\Program Files\Git\cmd;C:\Program Files\Java\jdk1.8.0_351\bin;C:\Users\Lenovo\AppData\Local\Android\Sdk\platform-tools;C:\Users\Lenovo\AppData\Local\Android\Sdk;C:\Users\Lenovo\AppData\Local\Android\Sdk\tools;C:\Users\Lenovo\AppData\Local\Android\Sdk\tools\bin;C:\Program Files\nodejs\;C:\Users\Lenovo\Documents\apache-maven-3.9.2\bin;C:\Users\Lenovo\AppData\Local\Microsoft\WindowsApps;C:\Users\Lenovo\AppData\Roaming\npm;."/>
    <property name="java.vm.info" value="mixed mode"/>
    <property name="java.vendor" value="Oracle Corporation"/>
    <property name="java.vm.version" value="25.351-b10"/>
    <property name="java.specification.maintenance.version" value="4"/>
    <property name="java.ext.dirs" value="C:\Program Files\Java\jdk1.8.0_351\jre\lib\ext;C:\Windows\Sun\Java\lib\ext"/>
    <property name="sun.io.unicode.encoding" value="UnicodeLittle"/>
    <property name="java.class.version" value="52.0"/>
  </properties>
  <testcase name="VerifyProductPurchase[Test, Brazil, Female, PG 3, Nike SFB Jungle, General Store](1)" classname="tests.GeneralStoreTest" time="73.746">
    <system-out><![CDATA[Appium server already running
appUrl isC:\Users\Lenovo\eclipse-workspace\GeneralStoreMobile\src\test\resources\app\General-Store.apk
Appium server already running
appUrl isC:\Users\Lenovo\eclipse-workspace\GeneralStoreMobile\src\test\resources\app\General-Store.apk
driver initialized: io.appium.java_client.android.AndroidDriver, Capabilities: {app=C:\Users\Lenovo\eclipse-workspace\GeneralStoreMobile\src\test\resources\app\General-Store.apk, appActivity=com.androidsample.generalstore.SplashActivity, appPackage=com.androidsample.generalstore, automationName=UiAutomator2, chromedriverExecutable=C:\Users\Lenovo\eclipse-workspace\GeneralStoreMobile\src\test\resources\executable\chromedriver.exe, databaseEnabled=false, desired={platformName=android, app=C:\Users\Lenovo\eclipse-workspace\GeneralStoreMobile\src\test\resources\app\General-Store.apk, appActivity=com.androidsample.generalstore.SplashActivity, appPackage=com.androidsample.generalstore, automationName=UiAutomator2, chromedriverExecutable=C:\Users\Lenovo\eclipse-workspace\GeneralStoreMobile\src\test\resources\executable\chromedriver.exe, deviceName=Samsung M31, fullReset=true, udid=RZ8N71N5TZB}, deviceApiLevel=31, deviceManufacturer=samsung, deviceModel=SM-M315F, deviceName=RZ8N71N5TZB, deviceScreenDensity=420, deviceScreenSize=1080x2340, deviceUDID=RZ8N71N5TZB, fullReset=true, javascriptEnabled=true, locationContextEnabled=false, networkConnectionEnabled=true, pixelRatio=2.625, platform=LINUX, platformName=Android, platformVersion=12, statBarHeight=78, takesScreenshot=true, udid=RZ8N71N5TZB, viewportRect={left=0, top=78, width=1080, height=2053}, warnings={}, webStorageEnabled=false}
Video recording started
waiting for HomePage
driver initialized: io.appium.java_client.android.AndroidDriver, Capabilities: {app=C:\Users\Lenovo\eclipse-workspace\GeneralStoreMobile\src\test\resources\app\General-Store.apk, appActivity=com.androidsample.generalstore.SplashActivity, appPackage=com.androidsample.generalstore, automationName=UiAutomator2, chromedriverExecutable=C:\Users\Lenovo\eclipse-workspace\GeneralStoreMobile\src\test\resources\executable\chromedriver.exe, databaseEnabled=false, desired={platformName=android, app=C:\Users\Lenovo\eclipse-workspace\GeneralStoreMobile\src\test\resources\app\General-Store.apk, appActivity=com.androidsample.generalstore.SplashActivity, appPackage=com.androidsample.generalstore, automationName=UiAutomator2, chromedriverExecutable=C:\Users\Lenovo\eclipse-workspace\GeneralStoreMobile\src\test\resources\executable\chromedriver.exe, deviceName=OnePlus 9 pro, fullReset=true, udid=192.168.0.104:5555}, deviceApiLevel=33, deviceManufacturer=OnePlus, deviceModel=LE2121, deviceName=192.168.0.104:5555, deviceScreenDensity=560, deviceScreenSize=1440x3216, deviceUDID=192.168.0.104:5555, fullReset=true, javascriptEnabled=true, locationContextEnabled=false, networkConnectionEnabled=true, pixelRatio=3.5, platform=LINUX, platformName=Android, platformVersion=13, statBarHeight=128, takesScreenshot=true, udid=192.168.0.104:5555, viewportRect={left=0, top=128, width=1440, height=2960}, warnings={}, webStorageEnabled=false}
Video recording not supported for this device. Plz add or grant permission to screenrecord module in /sys/bin
waiting for HomePage
waiting for ProductPage
waiting for ProductPage
waiting for CartPage
waiting for CartPage
NATIVE_APP
WEBVIEW_com.opera.max.oem
waiting for GoogleSearchPage
NATIVE_APP
WEBVIEW_chrome
WEBVIEW_com.androidsample.generalstore
waiting for GoogleSearchPage
NATIVE_APP
NATIVE_APP
waiting for HomePage
]]></system-out>
    <system-err><![CDATA[SLF4J: Failed to load class "org.slf4j.impl.StaticLoggerBinder".
SLF4J: Defaulting to no-operation (NOP) logger implementation
SLF4J: See http://www.slf4j.org/codes.html#StaticLoggerBinder for further details.
May 29, 2023 12:48:30 AM io.appium.java_client.remote.AppiumCommandExecutor$1 lambda$0
INFO: Detected dialect: W3C
May 29, 2023 12:48:34 AM io.appium.java_client.remote.AppiumCommandExecutor$1 lambda$0
INFO: Detected dialect: W3C
]]></system-err>
  </testcase>
  <testcase name="VerifyProductPurchase[Test, Brazil, Female, PG 3, Nike SFB Jungle, General Store](1)" classname="tests.GeneralStoreTest" time="76.052">
    <system-out><![CDATA[waiting for HomePage
]]></system-out>
  </testcase>
  <testcase name="VerifyProductPurchaseFailing" classname="tests.GeneralStoreTest" time="2.303">
    <failure message="An element could not be located on the page using the given search parameters.&#10;For documentation on this error, please visit: https://www.seleniumhq.org/exceptions/no_such_element.html&#10;Build info: version: &apos;3.141.59&apos;, revision: &apos;e82be7d358&apos;, time: &apos;2018-11-14T08:17:03&apos;&#10;System info: host: &apos;DESKTOP-SRI8GR7&apos;, ip: &apos;192.168.0.110&apos;, os.name: &apos;Windows 10&apos;, os.arch: &apos;amd64&apos;, os.version: &apos;10.0&apos;, java.version: &apos;1.8.0_351&apos;&#10;Driver info: io.appium.java_client.android.AndroidDriver&#10;Capabilities {app: C:\Users\Lenovo\eclipse-wor..., appActivity: com.androidsample.generalst..., appPackage: com.androidsample.generalstore, automationName: UiAutomator2, chromedriverExecutable: C:\Users\Lenovo\eclipse-wor..., databaseEnabled: false, desired: {app: C:\Users\Lenovo\eclipse-wor..., appActivity: com.androidsample.generalst..., appPackage: com.androidsample.generalstore, automationName: UiAutomator2, chromedriverExecutable: C:\Users\Lenovo\eclipse-wor..., deviceName: OnePlus 9 pro, fullReset: true, platformName: android, udid: 192.168.0.104:5555}, deviceApiLevel: 33, deviceManufacturer: OnePlus, deviceModel: LE2121, deviceName: 192.168.0.104:5555, deviceScreenDensity: 560, deviceScreenSize: 1440x3216, deviceUDID: 192.168.0.104:5555, fullReset: true, javascriptEnabled: true, locationContextEnabled: false, networkConnectionEnabled: true, pixelRatio: 3.5, platform: LINUX, platformName: Android, platformVersion: 13, statBarHeight: 128, takesScreenshot: true, udid: 192.168.0.104:5555, viewportRect: {height: 2960, left: 0, top: 128, width: 1440}, warnings: {}, webStorageEnabled: false}&#10;Session ID: 70402cc6-5e75-47e5-84cf-f894a47c9a65&#10;*** Element info: {Using=-android uiautomator, value=new UiScrollable(new UiSelector()).scrollIntoView(new UiSelector().text(&quot;PG 3	&quot;));}" type="org.openqa.selenium.NoSuchElementException"><![CDATA[org.openqa.selenium.NoSuchElementException: 
An element could not be located on the page using the given search parameters.
For documentation on this error, please visit: https://www.seleniumhq.org/exceptions/no_such_element.html
Build info: version: '3.141.59', revision: 'e82be7d358', time: '2018-11-14T08:17:03'
System info: host: 'DESKTOP-SRI8GR7', ip: '192.168.0.110', os.name: 'Windows 10', os.arch: 'amd64', os.version: '10.0', java.version: '1.8.0_351'
Driver info: io.appium.java_client.android.AndroidDriver
Capabilities {app: C:\Users\Lenovo\eclipse-wor..., appActivity: com.androidsample.generalst..., appPackage: com.androidsample.generalstore, automationName: UiAutomator2, chromedriverExecutable: C:\Users\Lenovo\eclipse-wor..., databaseEnabled: false, desired: {app: C:\Users\Lenovo\eclipse-wor..., appActivity: com.androidsample.generalst..., appPackage: com.androidsample.generalstore, automationName: UiAutomator2, chromedriverExecutable: C:\Users\Lenovo\eclipse-wor..., deviceName: OnePlus 9 pro, fullReset: true, platformName: android, udid: 192.168.0.104:5555}, deviceApiLevel: 33, deviceManufacturer: OnePlus, deviceModel: LE2121, deviceName: 192.168.0.104:5555, deviceScreenDensity: 560, deviceScreenSize: 1440x3216, deviceUDID: 192.168.0.104:5555, fullReset: true, javascriptEnabled: true, locationContextEnabled: false, networkConnectionEnabled: true, pixelRatio: 3.5, platform: LINUX, platformName: Android, platformVersion: 13, statBarHeight: 128, takesScreenshot: true, udid: 192.168.0.104:5555, viewportRect: {height: 2960, left: 0, top: 128, width: 1440}, warnings: {}, webStorageEnabled: false}
Session ID: 70402cc6-5e75-47e5-84cf-f894a47c9a65
*** Element info: {Using=-android uiautomator, value=new UiScrollable(new UiSelector()).scrollIntoView(new UiSelector().text("PG 3	"));}
	at tests.GeneralStoreTest.VerifyProductPurchaseFailing(GeneralStoreTest.java:122)
]]></failure>
    <system-out><![CDATA[Driver stopped
Appium server already running
appUrl isC:\Users\Lenovo\eclipse-workspace\GeneralStoreMobile\src\test\resources\app\General-Store.apk
driver initialized: io.appium.java_client.android.AndroidDriver, Capabilities: {app=C:\Users\Lenovo\eclipse-workspace\GeneralStoreMobile\src\test\resources\app\General-Store.apk, appActivity=com.androidsample.generalstore.SplashActivity, appPackage=com.androidsample.generalstore, automationName=UiAutomator2, chromedriverExecutable=C:\Users\Lenovo\eclipse-workspace\GeneralStoreMobile\src\test\resources\executable\chromedriver.exe, databaseEnabled=false, desired={platformName=android, app=C:\Users\Lenovo\eclipse-workspace\GeneralStoreMobile\src\test\resources\app\General-Store.apk, appActivity=com.androidsample.generalstore.SplashActivity, appPackage=com.androidsample.generalstore, automationName=UiAutomator2, chromedriverExecutable=C:\Users\Lenovo\eclipse-workspace\GeneralStoreMobile\src\test\resources\executable\chromedriver.exe, deviceName=OnePlus 9 pro, fullReset=true, udid=192.168.0.104:5555}, deviceApiLevel=33, deviceManufacturer=OnePlus, deviceModel=LE2121, deviceName=192.168.0.104:5555, deviceScreenDensity=560, deviceScreenSize=1440x3216, deviceUDID=192.168.0.104:5555, fullReset=true, javascriptEnabled=true, locationContextEnabled=false, networkConnectionEnabled=true, pixelRatio=3.5, platform=LINUX, platformName=Android, platformVersion=13, statBarHeight=128, takesScreenshot=true, udid=192.168.0.104:5555, viewportRect={left=0, top=128, width=1440, height=2960}, warnings={}, webStorageEnabled=false}
video path: videos\Android_Samsung M31\2023-05-29_00-48-05\GeneralStoreTest\VerifyProductPurchase.mp4
Driver stopped
Video recording not supported for this device. Plz add or grant permission to screenrecord module in /sys/bin
waiting for HomePage
Appium server already running
appUrl isC:\Users\Lenovo\eclipse-workspace\GeneralStoreMobile\src\test\resources\app\General-Store.apk
waiting for ProductPage
driver initialized: io.appium.java_client.android.AndroidDriver, Capabilities: {app=C:\Users\Lenovo\eclipse-workspace\GeneralStoreMobile\src\test\resources\app\General-Store.apk, appActivity=com.androidsample.generalstore.SplashActivity, appPackage=com.androidsample.generalstore, automationName=UiAutomator2, chromedriverExecutable=C:\Users\Lenovo\eclipse-workspace\GeneralStoreMobile\src\test\resources\executable\chromedriver.exe, databaseEnabled=false, desired={platformName=android, app=C:\Users\Lenovo\eclipse-workspace\GeneralStoreMobile\src\test\resources\app\General-Store.apk, appActivity=com.androidsample.generalstore.SplashActivity, appPackage=com.androidsample.generalstore, automationName=UiAutomator2, chromedriverExecutable=C:\Users\Lenovo\eclipse-workspace\GeneralStoreMobile\src\test\resources\executable\chromedriver.exe, deviceName=Samsung M31, fullReset=true, udid=RZ8N71N5TZB}, deviceApiLevel=31, deviceManufacturer=samsung, deviceModel=SM-M315F, deviceName=RZ8N71N5TZB, deviceScreenDensity=420, deviceScreenSize=1080x2340, deviceUDID=RZ8N71N5TZB, fullReset=true, javascriptEnabled=true, locationContextEnabled=false, networkConnectionEnabled=true, pixelRatio=2.625, platform=LINUX, platformName=Android, platformVersion=12, statBarHeight=78, takesScreenshot=true, udid=RZ8N71N5TZB, viewportRect={left=0, top=78, width=1080, height=2053}, warnings={}, webStorageEnabled=false}
Video recording started
waiting for HomePage
]]></system-out>
    <system-err><![CDATA[May 29, 2023 12:50:30 AM io.appium.java_client.remote.AppiumCommandExecutor$1 lambda$0
INFO: Detected dialect: W3C
May 29, 2023 12:50:58 AM io.appium.java_client.remote.AppiumCommandExecutor$1 lambda$0
INFO: Detected dialect: W3C
]]></system-err>
  </testcase>
  <testcase name="VerifyProductPurchaseFailing" classname="tests.GeneralStoreTest" time="30.865">
    <failure message="An element could not be located on the page using the given search parameters.&#10;For documentation on this error, please visit: https://www.seleniumhq.org/exceptions/no_such_element.html&#10;Build info: version: &apos;3.141.59&apos;, revision: &apos;e82be7d358&apos;, time: &apos;2018-11-14T08:17:03&apos;&#10;System info: host: &apos;DESKTOP-SRI8GR7&apos;, ip: &apos;192.168.0.110&apos;, os.name: &apos;Windows 10&apos;, os.arch: &apos;amd64&apos;, os.version: &apos;10.0&apos;, java.version: &apos;1.8.0_351&apos;&#10;Driver info: io.appium.java_client.android.AndroidDriver&#10;Capabilities {app: C:\Users\Lenovo\eclipse-wor..., appActivity: com.androidsample.generalst..., appPackage: com.androidsample.generalstore, automationName: UiAutomator2, chromedriverExecutable: C:\Users\Lenovo\eclipse-wor..., databaseEnabled: false, desired: {app: C:\Users\Lenovo\eclipse-wor..., appActivity: com.androidsample.generalst..., appPackage: com.androidsample.generalstore, automationName: UiAutomator2, chromedriverExecutable: C:\Users\Lenovo\eclipse-wor..., deviceName: Samsung M31, fullReset: true, platformName: android, udid: RZ8N71N5TZB}, deviceApiLevel: 31, deviceManufacturer: samsung, deviceModel: SM-M315F, deviceName: RZ8N71N5TZB, deviceScreenDensity: 420, deviceScreenSize: 1080x2340, deviceUDID: RZ8N71N5TZB, fullReset: true, javascriptEnabled: true, locationContextEnabled: false, networkConnectionEnabled: true, pixelRatio: 2.625, platform: LINUX, platformName: Android, platformVersion: 12, statBarHeight: 78, takesScreenshot: true, udid: RZ8N71N5TZB, viewportRect: {height: 2053, left: 0, top: 78, width: 1080}, warnings: {}, webStorageEnabled: false}&#10;Session ID: 543883b6-2945-4647-a9ce-66c078610e36&#10;*** Element info: {Using=-android uiautomator, value=new UiScrollable(new UiSelector()).scrollIntoView(new UiSelector().text(&quot;PG 3	&quot;));}" type="org.openqa.selenium.NoSuchElementException"><![CDATA[org.openqa.selenium.NoSuchElementException: 
An element could not be located on the page using the given search parameters.
For documentation on this error, please visit: https://www.seleniumhq.org/exceptions/no_such_element.html
Build info: version: '3.141.59', revision: 'e82be7d358', time: '2018-11-14T08:17:03'
System info: host: 'DESKTOP-SRI8GR7', ip: '192.168.0.110', os.name: 'Windows 10', os.arch: 'amd64', os.version: '10.0', java.version: '1.8.0_351'
Driver info: io.appium.java_client.android.AndroidDriver
Capabilities {app: C:\Users\Lenovo\eclipse-wor..., appActivity: com.androidsample.generalst..., appPackage: com.androidsample.generalstore, automationName: UiAutomator2, chromedriverExecutable: C:\Users\Lenovo\eclipse-wor..., databaseEnabled: false, desired: {app: C:\Users\Lenovo\eclipse-wor..., appActivity: com.androidsample.generalst..., appPackage: com.androidsample.generalstore, automationName: UiAutomator2, chromedriverExecutable: C:\Users\Lenovo\eclipse-wor..., deviceName: Samsung M31, fullReset: true, platformName: android, udid: RZ8N71N5TZB}, deviceApiLevel: 31, deviceManufacturer: samsung, deviceModel: SM-M315F, deviceName: RZ8N71N5TZB, deviceScreenDensity: 420, deviceScreenSize: 1080x2340, deviceUDID: RZ8N71N5TZB, fullReset: true, javascriptEnabled: true, locationContextEnabled: false, networkConnectionEnabled: true, pixelRatio: 2.625, platform: LINUX, platformName: Android, platformVersion: 12, statBarHeight: 78, takesScreenshot: true, udid: RZ8N71N5TZB, viewportRect: {height: 2053, left: 0, top: 78, width: 1080}, warnings: {}, webStorageEnabled: false}
Session ID: 543883b6-2945-4647-a9ce-66c078610e36
*** Element info: {Using=-android uiautomator, value=new UiScrollable(new UiSelector()).scrollIntoView(new UiSelector().text("PG 3	"));}
	at tests.GeneralStoreTest.VerifyProductPurchaseFailing(GeneralStoreTest.java:122)
]]></failure>
    <system-out><![CDATA[Driver stopped
waiting for ProductPage
waiting for ProductPage
]]></system-out>
  </testcase>
</testsuite>